<?xml version="1.0" encoding="UTF-8"?>
<testsuite name="dsc.timmyroom.backend.BackendApplicationTests" tests="1" skipped="0" failures="0" errors="0" timestamp="2021-03-09T11:24:56" hostname="yri.local" time="0.156">
  <properties/>
  <testcase name="contextLoads()" classname="dsc.timmyroom.backend.BackendApplicationTests" time="0.156"/>
  <system-out><![CDATA[20:24:49.351 [Test worker] DEBUG org.springframework.test.context.BootstrapUtils - Instantiating CacheAwareContextLoaderDelegate from class [org.springframework.test.context.cache.DefaultCacheAwareContextLoaderDelegate]
20:24:49.377 [Test worker] DEBUG org.springframework.test.context.BootstrapUtils - Instantiating BootstrapContext using constructor [public org.springframework.test.context.support.DefaultBootstrapContext(java.lang.Class,org.springframework.test.context.CacheAwareContextLoaderDelegate)]
20:24:49.432 [Test worker] DEBUG org.springframework.test.context.BootstrapUtils - Instantiating TestContextBootstrapper for test class [dsc.timmyroom.backend.BackendApplicationTests] from class [org.springframework.boot.test.context.SpringBootTestContextBootstrapper]
20:24:49.448 [Test worker] INFO org.springframework.boot.test.context.SpringBootTestContextBootstrapper - Neither @ContextConfiguration nor @ContextHierarchy found for test class [dsc.timmyroom.backend.BackendApplicationTests], using SpringBootContextLoader
20:24:49.456 [Test worker] DEBUG org.springframework.test.context.support.AbstractContextLoader - Did not detect default resource location for test class [dsc.timmyroom.backend.BackendApplicationTests]: class path resource [dsc/timmyroom/backend/BackendApplicationTests-context.xml] does not exist
20:24:49.457 [Test worker] DEBUG org.springframework.test.context.support.AbstractContextLoader - Did not detect default resource location for test class [dsc.timmyroom.backend.BackendApplicationTests]: class path resource [dsc/timmyroom/backend/BackendApplicationTestsContext.groovy] does not exist
20:24:49.457 [Test worker] INFO org.springframework.test.context.support.AbstractContextLoader - Could not detect default resource locations for test class [dsc.timmyroom.backend.BackendApplicationTests]: no resource found for suffixes {-context.xml, Context.groovy}.
20:24:49.458 [Test worker] INFO org.springframework.test.context.support.AnnotationConfigContextLoaderUtils - Could not detect default configuration classes for test class [dsc.timmyroom.backend.BackendApplicationTests]: BackendApplicationTests does not declare any static, non-private, non-final, nested classes annotated with @Configuration.
20:24:49.517 [Test worker] DEBUG org.springframework.test.context.support.ActiveProfilesUtils - Could not find an 'annotation declaring class' for annotation type [org.springframework.test.context.ActiveProfiles] and class [dsc.timmyroom.backend.BackendApplicationTests]
20:24:49.583 [Test worker] DEBUG org.springframework.context.annotation.ClassPathScanningCandidateComponentProvider - Identified candidate component class: file [/Users/yrji/dev/workspace/2021-TimmyRoom/backend/build/classes/java/main/dsc/timmyroom/backend/BackendApplication.class]
20:24:49.584 [Test worker] INFO org.springframework.boot.test.context.SpringBootTestContextBootstrapper - Found @SpringBootConfiguration dsc.timmyroom.backend.BackendApplication for test class dsc.timmyroom.backend.BackendApplicationTests
20:24:49.704 [Test worker] DEBUG org.springframework.boot.test.context.SpringBootTestContextBootstrapper - @TestExecutionListeners is not present for class [dsc.timmyroom.backend.BackendApplicationTests]: using defaults.
20:24:49.705 [Test worker] INFO org.springframework.boot.test.context.SpringBootTestContextBootstrapper - Loaded default TestExecutionListener class names from location [META-INF/spring.factories]: [org.springframework.boot.test.autoconfigure.restdocs.RestDocsTestExecutionListener, org.springframework.boot.test.autoconfigure.web.client.MockRestServiceServerResetTestExecutionListener, org.springframework.boot.test.autoconfigure.web.servlet.MockMvcPrintOnlyOnFailureTestExecutionListener, org.springframework.boot.test.autoconfigure.web.servlet.WebDriverTestExecutionListener, org.springframework.boot.test.autoconfigure.webservices.client.MockWebServiceServerTestExecutionListener, org.springframework.boot.test.mock.mockito.MockitoTestExecutionListener, org.springframework.boot.test.mock.mockito.ResetMocksTestExecutionListener, org.springframework.test.context.web.ServletTestExecutionListener, org.springframework.test.context.support.DirtiesContextBeforeModesTestExecutionListener, org.springframework.test.context.event.ApplicationEventsTestExecutionListener, org.springframework.test.context.support.DependencyInjectionTestExecutionListener, org.springframework.test.context.support.DirtiesContextTestExecutionListener, org.springframework.test.context.transaction.TransactionalTestExecutionListener, org.springframework.test.context.jdbc.SqlScriptsTestExecutionListener, org.springframework.test.context.event.EventPublishingTestExecutionListener]
20:24:49.730 [Test worker] INFO org.springframework.boot.test.context.SpringBootTestContextBootstrapper - Using TestExecutionListeners: [org.springframework.test.context.web.ServletTestExecutionListener@1ff79335, org.springframework.test.context.support.DirtiesContextBeforeModesTestExecutionListener@7821bbb5, org.springframework.test.context.event.ApplicationEventsTestExecutionListener@7c8c7402, org.springframework.boot.test.mock.mockito.MockitoTestExecutionListener@9e91420, org.springframework.boot.test.autoconfigure.SpringBootDependencyInjectionTestExecutionListener@2aa45013, org.springframework.test.context.support.DirtiesContextTestExecutionListener@5f2daae1, org.springframework.test.context.transaction.TransactionalTestExecutionListener@409ef962, org.springframework.test.context.jdbc.SqlScriptsTestExecutionListener@117ad45, org.springframework.test.context.event.EventPublishingTestExecutionListener@9bb51bc, org.springframework.boot.test.autoconfigure.restdocs.RestDocsTestExecutionListener@3b7388c8, org.springframework.boot.test.autoconfigure.web.client.MockRestServiceServerResetTestExecutionListener@c91232d, org.springframework.boot.test.autoconfigure.web.servlet.MockMvcPrintOnlyOnFailureTestExecutionListener@30d0da7f, org.springframework.boot.test.autoconfigure.web.servlet.WebDriverTestExecutionListener@63355b68, org.springframework.boot.test.autoconfigure.webservices.client.MockWebServiceServerTestExecutionListener@4427ba0e, org.springframework.boot.test.mock.mockito.ResetMocksTestExecutionListener@412a61ec]
20:24:49.735 [Test worker] DEBUG org.springframework.test.context.support.AbstractDirtiesContextTestExecutionListener - Before test class: context [DefaultTestContext@33171f7e testClass = BackendApplicationTests, testInstance = [null], testMethod = [null], testException = [null], mergedContextConfiguration = [WebMergedContextConfiguration@2be9354a testClass = BackendApplicationTests, locations = '{}', classes = '{class dsc.timmyroom.backend.BackendApplication}', contextInitializerClasses = '[]', activeProfiles = '{}', propertySourceLocations = '{}', propertySourceProperties = '{org.springframework.boot.test.context.SpringBootTestContextBootstrapper=true}', contextCustomizers = set[org.springframework.boot.test.autoconfigure.actuate.metrics.MetricsExportContextCustomizerFactory$DisableMetricExportContextCustomizer@4e9ad9b5, org.springframework.boot.test.autoconfigure.properties.PropertyMappingContextCustomizer@0, org.springframework.boot.test.autoconfigure.web.servlet.WebDriverContextCustomizerFactory$Customizer@2b8bc116, org.springframework.boot.test.context.filter.ExcludeFilterContextCustomizer@e186c83, org.springframework.boot.test.json.DuplicateJsonObjectContextCustomizerFactory$DuplicateJsonObjectContextCustomizer@78381100, org.springframework.boot.test.mock.mockito.MockitoContextCustomizer@0, org.springframework.boot.test.web.client.TestRestTemplateContextCustomizer@477985fc, org.springframework.boot.test.context.SpringBootTestArgs@1, org.springframework.boot.test.context.SpringBootTestWebEnvironment@71eacea1], resourceBasePath = 'src/main/webapp', contextLoader = 'org.springframework.boot.test.context.SpringBootContextLoader', parent = [null]], attributes = map['org.springframework.test.context.web.ServletTestExecutionListener.activateListener' -> true]], class annotated with @DirtiesContext [false] with mode [null].
20:24:49.775 [Test worker] DEBUG org.springframework.test.context.support.TestPropertySourceUtils - Adding inlined properties to environment: {spring.jmx.enabled=false, org.springframework.boot.test.context.SpringBootTestContextBootstrapper=true}

  .   ____          _            __ _ _
 /\\ / ___'_ __ _ _(_)_ __  __ _ \ \ \ \
( ( )\___ | '_ | '_| | '_ \/ _` | \ \ \ \
 \\/  ___)| |_)| | | | | || (_| |  ) ) ) )
  '  |____| .__|_| |_|_| |_\__, | / / / /
 =========|_|==============|___/=/_/_/_/
 :: Spring Boot ::                (v2.4.3)

2021-03-09 20:24:50.139  INFO 3914 --- [    Test worker] d.t.backend.BackendApplicationTests      : Starting BackendApplicationTests using Java 11.0.8 on yri.local with PID 3914 (started by yrji in /Users/yrji/dev/workspace/2021-TimmyRoom/backend)
2021-03-09 20:24:50.143  INFO 3914 --- [    Test worker] d.t.backend.BackendApplicationTests      : No active profile set, falling back to default profiles: default
2021-03-09 20:24:51.193  INFO 3914 --- [    Test worker] .s.d.r.c.RepositoryConfigurationDelegate : Bootstrapping Spring Data JPA repositories in DEFAULT mode.
2021-03-09 20:24:51.265  INFO 3914 --- [    Test worker] .s.d.r.c.RepositoryConfigurationDelegate : Finished Spring Data repository scanning in 60 ms. Found 1 JPA repository interfaces.
2021-03-09 20:24:52.271  INFO 3914 --- [    Test worker] o.hibernate.jpa.internal.util.LogHelper  : HHH000204: Processing PersistenceUnitInfo [name: default]
2021-03-09 20:24:52.341  INFO 3914 --- [    Test worker] org.hibernate.Version                    : HHH000412: Hibernate ORM core version 5.4.28.Final
2021-03-09 20:24:52.621  INFO 3914 --- [    Test worker] o.hibernate.annotations.common.Version   : HCANN000001: Hibernate Commons Annotations {5.1.2.Final}
2021-03-09 20:24:52.782  INFO 3914 --- [    Test worker] com.zaxxer.hikari.HikariDataSource       : HikariPool-1 - Starting...
2021-03-09 20:24:53.052  INFO 3914 --- [    Test worker] com.zaxxer.hikari.HikariDataSource       : HikariPool-1 - Start completed.
2021-03-09 20:24:53.074  INFO 3914 --- [    Test worker] org.hibernate.dialect.Dialect            : HHH000400: Using dialect: org.hibernate.dialect.MySQL5InnoDBDialect
2021-03-09 20:24:54.360  INFO 3914 --- [    Test worker] o.h.e.t.j.p.i.JtaPlatformInitiator       : HHH000490: Using JtaPlatform implementation: [org.hibernate.engine.transaction.jta.platform.internal.NoJtaPlatform]
2021-03-09 20:24:54.373  INFO 3914 --- [    Test worker] j.LocalContainerEntityManagerFactoryBean : Initialized JPA EntityManagerFactory for persistence unit 'default'
2021-03-09 20:24:54.854  WARN 3914 --- [    Test worker] JpaBaseConfiguration$JpaWebConfiguration : spring.jpa.open-in-view is enabled by default. Therefore, database queries may be performed during view rendering. Explicitly configure spring.jpa.open-in-view to disable this warning
2021-03-09 20:24:55.316  INFO 3914 --- [    Test worker] o.s.s.web.DefaultSecurityFilterChain     : Will secure any request with [org.springframework.security.web.context.request.async.WebAsyncManagerIntegrationFilter@26c3a447, org.springframework.security.web.context.SecurityContextPersistenceFilter@7d392057, org.springframework.security.web.header.HeaderWriterFilter@2782c4a7, org.springframework.security.web.authentication.logout.LogoutFilter@d91d15b, dsc.timmyroom.backend.auth.JwtAuthenticationFilter@20c1aff6, org.springframework.security.web.savedrequest.RequestCacheAwareFilter@658f4341, org.springframework.security.web.servletapi.SecurityContextHolderAwareRequestFilter@73b8404d, org.springframework.security.web.authentication.AnonymousAuthenticationFilter@28c72765, org.springframework.security.web.session.SessionManagementFilter@1d8df501, org.springframework.security.web.access.ExceptionTranslationFilter@55f74413, org.springframework.security.web.access.intercept.FilterSecurityInterceptor@dd525ad]
2021-03-09 20:24:55.866  INFO 3914 --- [    Test worker] o.s.s.concurrent.ThreadPoolTaskExecutor  : Initializing ExecutorService 'applicationTaskExecutor'
2021-03-09 20:24:56.014  INFO 3914 --- [    Test worker] o.s.b.a.w.s.WelcomePageHandlerMapping    : Adding welcome page: class path resource [static/index.html]
2021-03-09 20:24:56.389  INFO 3914 --- [    Test worker] d.t.backend.BackendApplicationTests      : Started BackendApplicationTests in 6.606 seconds (JVM running for 8.146)
]]></system-out>
  <system-err><![CDATA[]]></system-err>
</testsuite>
